<?xml version="1.0" encoding="UTF-8"?>
<testsuite xmlns:xsi="http://www.w3.org/2001/XMLSchema-instance" xsi:noNamespaceSchemaLocation="https://maven.apache.org/surefire/maven-surefire-plugin/xsd/surefire-test-report.xsd" name="ar.com.lauramon.entidadesTest.PersonaTest" time="4.612" tests="2" errors="0" skipped="0" failures="0">
  <properties>
    <property name="sun.desktop" value="windows"/>
    <property name="awt.toolkit" value="sun.awt.windows.WToolkit"/>
    <property name="file.encoding.pkg" value="sun.io"/>
    <property name="java.specification.version" value="1.8"/>
    <property name="sun.cpu.isalist" value="amd64"/>
    <property name="sun.jnu.encoding" value="Cp1252"/>
    <property name="java.class.path" value="C:\mavhaTest\mavhatest\target\test-classes;C:\mavhaTest\mavhatest\target\classes;C:\Users\laura\.m2\repository\org\jboss\slf4j\slf4j-jboss-logging\1.1.0.Final\slf4j-jboss-logging-1.1.0.Final.jar;C:\Users\laura\.m2\repository\org\jboss\logging\jboss-logging\3.3.0.Final\jboss-logging-3.3.0.Final.jar;C:\Users\laura\.m2\repository\javax\ws\rs\javax.ws.rs-api\2.0.1\javax.ws.rs-api-2.0.1.jar;C:\Users\laura\.m2\repository\org\glassfish\jersey\containers\jersey-container-servlet\2.19\jersey-container-servlet-2.19.jar;C:\Users\laura\.m2\repository\org\glassfish\jersey\containers\jersey-container-servlet-core\2.19\jersey-container-servlet-core-2.19.jar;C:\Users\laura\.m2\repository\org\glassfish\jersey\core\jersey-common\2.19\jersey-common-2.19.jar;C:\Users\laura\.m2\repository\org\glassfish\jersey\bundles\repackaged\jersey-guava\2.19\jersey-guava-2.19.jar;C:\Users\laura\.m2\repository\org\glassfish\hk2\osgi-resource-locator\1.0.1\osgi-resource-locator-1.0.1.jar;C:\Users\laura\.m2\repository\org\glassfish\jersey\core\jersey-server\2.19\jersey-server-2.19.jar;C:\Users\laura\.m2\repository\org\glassfish\jersey\media\jersey-media-jaxb\2.19\jersey-media-jaxb-2.19.jar;C:\Users\laura\.m2\repository\javax\annotation\javax.annotation-api\1.2\javax.annotation-api-1.2.jar;C:\Users\laura\.m2\repository\org\glassfish\hk2\hk2-api\2.4.0-b25\hk2-api-2.4.0-b25.jar;C:\Users\laura\.m2\repository\org\glassfish\hk2\hk2-utils\2.4.0-b25\hk2-utils-2.4.0-b25.jar;C:\Users\laura\.m2\repository\org\glassfish\hk2\external\aopalliance-repackaged\2.4.0-b25\aopalliance-repackaged-2.4.0-b25.jar;C:\Users\laura\.m2\repository\org\glassfish\hk2\external\javax.inject\2.4.0-b25\javax.inject-2.4.0-b25.jar;C:\Users\laura\.m2\repository\org\glassfish\hk2\hk2-locator\2.4.0-b25\hk2-locator-2.4.0-b25.jar;C:\Users\laura\.m2\repository\javax\validation\validation-api\1.1.0.Final\validation-api-1.1.0.Final.jar;C:\Users\laura\.m2\repository\org\glassfish\jersey\core\jersey-client\2.19\jersey-client-2.19.jar;C:\Users\laura\.m2\repository\org\glassfish\jersey\media\jersey-media-json-jackson\2.19\jersey-media-json-jackson-2.19.jar;C:\Users\laura\.m2\repository\org\glassfish\jersey\ext\jersey-entity-filtering\2.19\jersey-entity-filtering-2.19.jar;C:\Users\laura\.m2\repository\com\fasterxml\jackson\jaxrs\jackson-jaxrs-base\2.5.1\jackson-jaxrs-base-2.5.1.jar;C:\Users\laura\.m2\repository\com\fasterxml\jackson\core\jackson-core\2.5.1\jackson-core-2.5.1.jar;C:\Users\laura\.m2\repository\com\fasterxml\jackson\core\jackson-databind\2.5.1\jackson-databind-2.5.1.jar;C:\Users\laura\.m2\repository\com\fasterxml\jackson\jaxrs\jackson-jaxrs-json-provider\2.5.1\jackson-jaxrs-json-provider-2.5.1.jar;C:\Users\laura\.m2\repository\com\fasterxml\jackson\module\jackson-module-jaxb-annotations\2.5.1\jackson-module-jaxb-annotations-2.5.1.jar;C:\Users\laura\.m2\repository\com\fasterxml\jackson\core\jackson-annotations\2.5.1\jackson-annotations-2.5.1.jar;C:\Users\laura\.m2\repository\org\hsqldb\hsqldb\2.4.0\hsqldb-2.4.0.jar;C:\Users\laura\.m2\repository\org\slf4j\slf4j-api\1.7.7\slf4j-api-1.7.7.jar;C:\Users\laura\.m2\repository\org\hibernate\hibernate-core\4.3.5.Final\hibernate-core-4.3.5.Final.jar;C:\Users\laura\.m2\repository\org\jboss\logging\jboss-logging-annotations\1.2.0.Beta1\jboss-logging-annotations-1.2.0.Beta1.jar;C:\Users\laura\.m2\repository\org\jboss\spec\javax\transaction\jboss-transaction-api_1.2_spec\1.0.0.Final\jboss-transaction-api_1.2_spec-1.0.0.Final.jar;C:\Users\laura\.m2\repository\dom4j\dom4j\1.6.1\dom4j-1.6.1.jar;C:\Users\laura\.m2\repository\xml-apis\xml-apis\1.0.b2\xml-apis-1.0.b2.jar;C:\Users\laura\.m2\repository\org\hibernate\common\hibernate-commons-annotations\4.0.4.Final\hibernate-commons-annotations-4.0.4.Final.jar;C:\Users\laura\.m2\repository\org\hibernate\javax\persistence\hibernate-jpa-2.1-api\1.0.0.Final\hibernate-jpa-2.1-api-1.0.0.Final.jar;C:\Users\laura\.m2\repository\org\javassist\javassist\3.18.1-GA\javassist-3.18.1-GA.jar;C:\Users\laura\.m2\repository\antlr\antlr\2.7.7\antlr-2.7.7.jar;C:\Users\laura\.m2\repository\org\jboss\jandex\1.1.0.Final\jandex-1.1.0.Final.jar;C:\Users\laura\.m2\repository\org\glassfish\jersey\test-framework\providers\jersey-test-framework-provider-jetty\2.19\jersey-test-framework-provider-jetty-2.19.jar;C:\Users\laura\.m2\repository\org\glassfish\jersey\test-framework\jersey-test-framework-core\2.19\jersey-test-framework-core-2.19.jar;C:\Users\laura\.m2\repository\javax\servlet\javax.servlet-api\3.0.1\javax.servlet-api-3.0.1.jar;C:\Users\laura\.m2\repository\org\glassfish\jersey\containers\jersey-container-jetty-http\2.19\jersey-container-jetty-http-2.19.jar;C:\Users\laura\.m2\repository\org\eclipse\jetty\jetty-server\9.1.1.v20140108\jetty-server-9.1.1.v20140108.jar;C:\Users\laura\.m2\repository\org\eclipse\jetty\jetty-http\9.1.1.v20140108\jetty-http-9.1.1.v20140108.jar;C:\Users\laura\.m2\repository\org\eclipse\jetty\jetty-io\9.1.1.v20140108\jetty-io-9.1.1.v20140108.jar;C:\Users\laura\.m2\repository\org\eclipse\jetty\jetty-util\9.1.1.v20140108\jetty-util-9.1.1.v20140108.jar;C:\Users\laura\.m2\repository\org\eclipse\jetty\jetty-continuation\9.1.1.v20140108\jetty-continuation-9.1.1.v20140108.jar;C:\Users\laura\.m2\repository\org\ow2\asm\asm-debug-all\5.0.3\asm-debug-all-5.0.3.jar;C:\Users\laura\.m2\repository\junit\junit\4.11\junit-4.11.jar;C:\Users\laura\.m2\repository\org\hamcrest\hamcrest-core\1.3\hamcrest-core-1.3.jar;"/>
    <property name="java.vm.vendor" value="Oracle Corporation"/>
    <property name="sun.arch.data.model" value="64"/>
    <property name="user.variant" value=""/>
    <property name="java.vendor.url" value="http://java.oracle.com/"/>
    <property name="user.timezone" value=""/>
    <property name="user.country.format" value="AR"/>
    <property name="java.vm.specification.version" value="1.8"/>
    <property name="os.name" value="Windows 10"/>
    <property name="user.country" value="US"/>
    <property name="sun.java.launcher" value="SUN_STANDARD"/>
    <property name="sun.boot.library.path" value="C:\Program Files\Java\jdk1.8.0_101\jre\bin"/>
    <property name="sun.java.command" value="C:\Users\laura\AppData\Local\Temp\surefire7998559628313297520\surefirebooter3929245960614495608.jar C:\Users\laura\AppData\Local\Temp\surefire7998559628313297520 2018-04-26T07-25-05_989-jvmRun1 surefire8494407721536547660tmp surefire_08415927534364698290tmp"/>
    <property name="surefire.test.class.path" value="C:\mavhaTest\mavhatest\target\test-classes;C:\mavhaTest\mavhatest\target\classes;C:\Users\laura\.m2\repository\org\jboss\slf4j\slf4j-jboss-logging\1.1.0.Final\slf4j-jboss-logging-1.1.0.Final.jar;C:\Users\laura\.m2\repository\org\jboss\logging\jboss-logging\3.3.0.Final\jboss-logging-3.3.0.Final.jar;C:\Users\laura\.m2\repository\javax\ws\rs\javax.ws.rs-api\2.0.1\javax.ws.rs-api-2.0.1.jar;C:\Users\laura\.m2\repository\org\glassfish\jersey\containers\jersey-container-servlet\2.19\jersey-container-servlet-2.19.jar;C:\Users\laura\.m2\repository\org\glassfish\jersey\containers\jersey-container-servlet-core\2.19\jersey-container-servlet-core-2.19.jar;C:\Users\laura\.m2\repository\org\glassfish\jersey\core\jersey-common\2.19\jersey-common-2.19.jar;C:\Users\laura\.m2\repository\org\glassfish\jersey\bundles\repackaged\jersey-guava\2.19\jersey-guava-2.19.jar;C:\Users\laura\.m2\repository\org\glassfish\hk2\osgi-resource-locator\1.0.1\osgi-resource-locator-1.0.1.jar;C:\Users\laura\.m2\repository\org\glassfish\jersey\core\jersey-server\2.19\jersey-server-2.19.jar;C:\Users\laura\.m2\repository\org\glassfish\jersey\media\jersey-media-jaxb\2.19\jersey-media-jaxb-2.19.jar;C:\Users\laura\.m2\repository\javax\annotation\javax.annotation-api\1.2\javax.annotation-api-1.2.jar;C:\Users\laura\.m2\repository\org\glassfish\hk2\hk2-api\2.4.0-b25\hk2-api-2.4.0-b25.jar;C:\Users\laura\.m2\repository\org\glassfish\hk2\hk2-utils\2.4.0-b25\hk2-utils-2.4.0-b25.jar;C:\Users\laura\.m2\repository\org\glassfish\hk2\external\aopalliance-repackaged\2.4.0-b25\aopalliance-repackaged-2.4.0-b25.jar;C:\Users\laura\.m2\repository\org\glassfish\hk2\external\javax.inject\2.4.0-b25\javax.inject-2.4.0-b25.jar;C:\Users\laura\.m2\repository\org\glassfish\hk2\hk2-locator\2.4.0-b25\hk2-locator-2.4.0-b25.jar;C:\Users\laura\.m2\repository\javax\validation\validation-api\1.1.0.Final\validation-api-1.1.0.Final.jar;C:\Users\laura\.m2\repository\org\glassfish\jersey\core\jersey-client\2.19\jersey-client-2.19.jar;C:\Users\laura\.m2\repository\org\glassfish\jersey\media\jersey-media-json-jackson\2.19\jersey-media-json-jackson-2.19.jar;C:\Users\laura\.m2\repository\org\glassfish\jersey\ext\jersey-entity-filtering\2.19\jersey-entity-filtering-2.19.jar;C:\Users\laura\.m2\repository\com\fasterxml\jackson\jaxrs\jackson-jaxrs-base\2.5.1\jackson-jaxrs-base-2.5.1.jar;C:\Users\laura\.m2\repository\com\fasterxml\jackson\core\jackson-core\2.5.1\jackson-core-2.5.1.jar;C:\Users\laura\.m2\repository\com\fasterxml\jackson\core\jackson-databind\2.5.1\jackson-databind-2.5.1.jar;C:\Users\laura\.m2\repository\com\fasterxml\jackson\jaxrs\jackson-jaxrs-json-provider\2.5.1\jackson-jaxrs-json-provider-2.5.1.jar;C:\Users\laura\.m2\repository\com\fasterxml\jackson\module\jackson-module-jaxb-annotations\2.5.1\jackson-module-jaxb-annotations-2.5.1.jar;C:\Users\laura\.m2\repository\com\fasterxml\jackson\core\jackson-annotations\2.5.1\jackson-annotations-2.5.1.jar;C:\Users\laura\.m2\repository\org\hsqldb\hsqldb\2.4.0\hsqldb-2.4.0.jar;C:\Users\laura\.m2\repository\org\slf4j\slf4j-api\1.7.7\slf4j-api-1.7.7.jar;C:\Users\laura\.m2\repository\org\hibernate\hibernate-core\4.3.5.Final\hibernate-core-4.3.5.Final.jar;C:\Users\laura\.m2\repository\org\jboss\logging\jboss-logging-annotations\1.2.0.Beta1\jboss-logging-annotations-1.2.0.Beta1.jar;C:\Users\laura\.m2\repository\org\jboss\spec\javax\transaction\jboss-transaction-api_1.2_spec\1.0.0.Final\jboss-transaction-api_1.2_spec-1.0.0.Final.jar;C:\Users\laura\.m2\repository\dom4j\dom4j\1.6.1\dom4j-1.6.1.jar;C:\Users\laura\.m2\repository\xml-apis\xml-apis\1.0.b2\xml-apis-1.0.b2.jar;C:\Users\laura\.m2\repository\org\hibernate\common\hibernate-commons-annotations\4.0.4.Final\hibernate-commons-annotations-4.0.4.Final.jar;C:\Users\laura\.m2\repository\org\hibernate\javax\persistence\hibernate-jpa-2.1-api\1.0.0.Final\hibernate-jpa-2.1-api-1.0.0.Final.jar;C:\Users\laura\.m2\repository\org\javassist\javassist\3.18.1-GA\javassist-3.18.1-GA.jar;C:\Users\laura\.m2\repository\antlr\antlr\2.7.7\antlr-2.7.7.jar;C:\Users\laura\.m2\repository\org\jboss\jandex\1.1.0.Final\jandex-1.1.0.Final.jar;C:\Users\laura\.m2\repository\org\glassfish\jersey\test-framework\providers\jersey-test-framework-provider-jetty\2.19\jersey-test-framework-provider-jetty-2.19.jar;C:\Users\laura\.m2\repository\org\glassfish\jersey\test-framework\jersey-test-framework-core\2.19\jersey-test-framework-core-2.19.jar;C:\Users\laura\.m2\repository\javax\servlet\javax.servlet-api\3.0.1\javax.servlet-api-3.0.1.jar;C:\Users\laura\.m2\repository\org\glassfish\jersey\containers\jersey-container-jetty-http\2.19\jersey-container-jetty-http-2.19.jar;C:\Users\laura\.m2\repository\org\eclipse\jetty\jetty-server\9.1.1.v20140108\jetty-server-9.1.1.v20140108.jar;C:\Users\laura\.m2\repository\org\eclipse\jetty\jetty-http\9.1.1.v20140108\jetty-http-9.1.1.v20140108.jar;C:\Users\laura\.m2\repository\org\eclipse\jetty\jetty-io\9.1.1.v20140108\jetty-io-9.1.1.v20140108.jar;C:\Users\laura\.m2\repository\org\eclipse\jetty\jetty-util\9.1.1.v20140108\jetty-util-9.1.1.v20140108.jar;C:\Users\laura\.m2\repository\org\eclipse\jetty\jetty-continuation\9.1.1.v20140108\jetty-continuation-9.1.1.v20140108.jar;C:\Users\laura\.m2\repository\org\ow2\asm\asm-debug-all\5.0.3\asm-debug-all-5.0.3.jar;C:\Users\laura\.m2\repository\junit\junit\4.11\junit-4.11.jar;C:\Users\laura\.m2\repository\org\hamcrest\hamcrest-core\1.3\hamcrest-core-1.3.jar;"/>
    <property name="sun.cpu.endian" value="little"/>
    <property name="user.home" value="C:\Users\laura"/>
    <property name="user.language" value="en"/>
    <property name="java.specification.vendor" value="Oracle Corporation"/>
    <property name="java.home" value="C:\Program Files\Java\jdk1.8.0_101\jre"/>
    <property name="basedir" value="C:\mavhaTest\mavhatest"/>
    <property name="file.separator" value="\"/>
    <property name="line.separator" value="&#10;"/>
    <property name="java.vm.specification.vendor" value="Oracle Corporation"/>
    <property name="java.specification.name" value="Java Platform API Specification"/>
    <property name="java.awt.graphicsenv" value="sun.awt.Win32GraphicsEnvironment"/>
    <property name="surefire.real.class.path" value="C:\Users\laura\AppData\Local\Temp\surefire7998559628313297520\surefirebooter3929245960614495608.jar"/>
    <property name="sun.boot.class.path" value="C:\Program Files\Java\jdk1.8.0_101\jre\lib\resources.jar;C:\Program Files\Java\jdk1.8.0_101\jre\lib\rt.jar;C:\Program Files\Java\jdk1.8.0_101\jre\lib\sunrsasign.jar;C:\Program Files\Java\jdk1.8.0_101\jre\lib\jsse.jar;C:\Program Files\Java\jdk1.8.0_101\jre\lib\jce.jar;C:\Program Files\Java\jdk1.8.0_101\jre\lib\charsets.jar;C:\Program Files\Java\jdk1.8.0_101\jre\lib\jfr.jar;C:\Program Files\Java\jdk1.8.0_101\jre\classes"/>
    <property name="user.script" value=""/>
    <property name="sun.management.compiler" value="HotSpot 64-Bit Tiered Compilers"/>
    <property name="java.runtime.version" value="1.8.0_101-b13"/>
    <property name="user.name" value="laura"/>
    <property name="path.separator" value=";"/>
    <property name="os.version" value="10.0"/>
    <property name="java.endorsed.dirs" value="C:\Program Files\Java\jdk1.8.0_101\jre\lib\endorsed"/>
    <property name="java.runtime.name" value="Java(TM) SE Runtime Environment"/>
    <property name="file.encoding" value="Cp1252"/>
    <property name="java.vm.name" value="Java HotSpot(TM) 64-Bit Server VM"/>
    <property name="localRepository" value="C:\Users\laura\.m2\repository"/>
    <property name="java.vendor.url.bug" value="http://bugreport.sun.com/bugreport/"/>
    <property name="java.io.tmpdir" value="C:\Users\laura\AppData\Local\Temp\"/>
    <property name="java.version" value="1.8.0_101"/>
    <property name="user.dir" value="C:\mavhaTest\mavhatest"/>
    <property name="os.arch" value="amd64"/>
    <property name="java.vm.specification.name" value="Java Virtual Machine Specification"/>
    <property name="java.awt.printerjob" value="sun.awt.windows.WPrinterJob"/>
    <property name="user.language.format" value="es"/>
    <property name="sun.os.patch.level" value=""/>
    <property name="java.library.path" value="C:\Program Files\Java\jdk1.8.0_101\jre\bin;C:\WINDOWS\Sun\Java\bin;C:\WINDOWS\system32;C:\WINDOWS;C:\ProgramData\Oracle\Java\javapath;C:\Program Files (x86)\Intel\iCLS Client\;C:\Program Files\Intel\iCLS Client\;C:\WINDOWS\system32;C:\WINDOWS;C:\WINDOWS\System32\Wbem;C:\WINDOWS\System32\WindowsPowerShell\v1.0\;C:\Program Files (x86)\Intel\Intel(R) Management Engine Components\DAL;C:\Program Files\Intel\Intel(R) Management Engine Components\DAL;C:\Program Files (x86)\Intel\Intel(R) Management Engine Components\IPT;C:\Program Files\Intel\Intel(R) Management Engine Components\IPT;C:\apache-maven-3.3.9\bin;C:\apache-maven-3.5.3\bin;C:\Vagrant\bin;C:\cygwin64\bin;C:\cygwin64;C:\Program Files (x86)\Skype\Phone\;C:\Program Files\nodejs\;C:\Program Files\OpenVPN\bin;C:\Users\laura\AppData\Local\Microsoft\WindowsApps;C:\Users\laura\AppData\Roaming\npm;C:\phantomjs-2.1.1-windows\phantomjs-2.1.1-windows\bin;;."/>
    <property name="java.vm.info" value="mixed mode"/>
    <property name="java.vendor" value="Oracle Corporation"/>
    <property name="java.vm.version" value="25.101-b13"/>
    <property name="java.ext.dirs" value="C:\Program Files\Java\jdk1.8.0_101\jre\lib\ext;C:\WINDOWS\Sun\Java\lib\ext"/>
    <property name="sun.io.unicode.encoding" value="UnicodeLittle"/>
    <property name="java.class.version" value="52.0"/>
  </properties>
  <testcase name="agregarPersona" classname="ar.com.lauramon.entidadesTest.PersonaTest" time="4.209"/>
  <testcase name="obtenerPersonas" classname="ar.com.lauramon.entidadesTest.PersonaTest" time="0.216"/>
</testsuite>